[12:43:40.960] [WinUSB] FindIncotexCandidateDevicePaths...
[12:43:40.968] [WinUSB] Found 0 path(s) in 7ms
[14:37:32.656] [WinUSB] FindIncotexCandidateDevicePaths...
[14:37:32.661] [WinUSB] Found 1 path(s) in 5ms
[14:37:32.661] [WinUSB] CreateFile(\\?\usb#vid_0483&pid_5740#aa47099782#{a5dcbf10-6530-11d2-901f-00c04fb951ed})...
[14:37:32.662] [WinUSB] CreateFile returned in 0ms, valid=True
[14:37:32.663] [WinUSB] WinUsb_Initialize (timeout=2500ms)...
[14:37:32.668] [WinUSB] WinUsb_Initialize FAILED in 5ms, timedOut=False, err=87
[14:48:04.897] [WinUSB] FindIncotexCandidateDevicePaths...
[14:48:04.903] [WinUSB] Found 1 path(s) in 4ms
[14:48:04.903] [WinUSB] CreateFile(\\?\usb#vid_0483&pid_5740#aa47099782#{a5dcbf10-6530-11d2-901f-00c04fb951ed})...
[14:48:04.914] [WinUSB] CreateFile returned in 0ms, valid=True
[14:48:04.915] [WinUSB] WinUsb_Initialize (timeout=2500ms)...
[14:48:04.917] [WinUSB] WinUsb_Initialize FAILED in 2ms, timedOut=False, err=87
[14:48:13.812] [WinUSB] FindIncotexCandidateDevicePaths...
[14:48:13.813] [WinUSB] Found 1 path(s) in 1ms
[14:48:13.814] [WinUSB] CreateFile(\\?\usb#vid_0483&pid_5740#aa47099782#{a5dcbf10-6530-11d2-901f-00c04fb951ed})...
[14:48:13.814] [WinUSB] CreateFile returned in 1ms, valid=True
[14:48:13.815] [WinUSB] WinUsb_Initialize (timeout=2500ms)...
[14:48:13.815] [WinUSB] WinUsb_Initialize FAILED in 0ms, timedOut=False, err=87
[14:51:46.810] [WinUSB] FindIncotexCandidateDevicePaths...
[14:51:46.818] [WinUSB] Found 1 path(s) in 6ms
[14:51:46.818] [WinUSB] CreateFile(\\?\usb#vid_0483&pid_5740#aa47099782#{a5dcbf10-6530-11d2-901f-00c04fb951ed})...
[14:51:46.819] [WinUSB] CreateFile returned in 1ms, valid=True
[14:51:46.820] [WinUSB] WinUsb_Initialize (timeout=2500ms)...
[14:51:46.822] [WinUSB] WinUsb_Initialize FAILED in 2ms, timedOut=False, err=87
[14:53:33.957] [WinUSB] FindIncotexCandidateDevicePaths...
[14:53:33.963] [WinUSB] Found 1 path(s) in 4ms
[14:53:33.963] [WinUSB] CreateFile(\\?\usb#vid_0483&pid_5740#aa47099782#{a5dcbf10-6530-11d2-901f-00c04fb951ed})...
[14:53:33.964] [WinUSB] CreateFile returned in 1ms, valid=True
[14:53:33.964] [WinUSB] WinUsb_Initialize (timeout=2500ms)...
[14:53:33.967] [WinUSB] WinUsb_Initialize FAILED in 2ms, timedOut=False, err=87
[14:55:52.099] [WinUSB] FindIncotexCandidateDevicePaths...
[14:55:52.106] [WinUSB] Found 1 path(s) in 5ms
[14:55:52.106] [WinUSB] CreateFile(\\?\usb#vid_0483&pid_5740#aa47099782#{a5dcbf10-6530-11d2-901f-00c04fb951ed})...
[14:55:52.107] [WinUSB] CreateFile returned in 0ms, valid=True
[14:55:52.107] [WinUSB] WinUsb_Initialize (timeout=2500ms)...
[14:55:52.110] [WinUSB] WinUsb_Initialize FAILED in 2ms, timedOut=False, err=87
